<?xml version="1.0" encoding="UTF-8"?>
<coverage generated="1582919068811" clover="3.2.0">
  <project timestamp="1582919068811" name="All files">
    <metrics statements="57" coveredstatements="35" conditionals="39" coveredconditionals="31" methods="20" coveredmethods="15" elements="116" coveredelements="81" complexity="0" loc="57" ncloc="57" packages="3" files="5" classes="5"/>
    <package name="components">
      <metrics statements="1" coveredstatements="1" conditionals="0" coveredconditionals="0" methods="1" coveredmethods="1"/>
      <file name="Header.vue" path="/Users/nissandigital/Documents/Nuxt/mappointer/components/Header.vue">
        <metrics statements="1" coveredstatements="1" conditionals="0" coveredconditionals="0" methods="1" coveredmethods="1"/>
        <line num="1" count="12" type="stmt"/>
      </file>
    </package>
    <package name="components.Map">
      <metrics statements="53" coveredstatements="31" conditionals="39" coveredconditionals="31" methods="18" coveredmethods="13"/>
      <file name="CoordinateSelector.vue" path="/Users/nissandigital/Documents/Nuxt/mappointer/components/Map/CoordinateSelector.vue">
        <metrics statements="19" coveredstatements="19" conditionals="37" coveredconditionals="31" methods="5" coveredmethods="5"/>
        <line num="1" count="42" type="stmt"/>
        <line num="51" count="9" type="stmt"/>
        <line num="59" count="1" type="stmt"/>
        <line num="65" count="4" type="cond" truecount="1" falsecount="1"/>
        <line num="68" count="4" type="cond" truecount="2" falsecount="0"/>
        <line num="71" count="4" type="cond" truecount="1" falsecount="1"/>
        <line num="74" count="4" type="cond" truecount="1" falsecount="1"/>
        <line num="77" count="4" type="cond" truecount="6" falsecount="0"/>
        <line num="83" count="3" type="cond" truecount="4" falsecount="0"/>
        <line num="84" count="1" type="stmt"/>
        <line num="85" count="1" type="stmt"/>
        <line num="86" count="1" type="stmt"/>
        <line num="87" count="2" type="cond" truecount="10" falsecount="0"/>
        <line num="97" count="1" type="stmt"/>
        <line num="99" count="1" type="stmt"/>
        <line num="103" count="1" type="stmt"/>
        <line num="106" count="1" type="stmt"/>
        <line num="110" count="1" type="stmt"/>
        <line num="111" count="1" type="cond" truecount="6" falsecount="3"/>
      </file>
      <file name="Layout.vue" path="/Users/nissandigital/Documents/Nuxt/mappointer/components/Map/Layout.vue">
        <metrics statements="6" coveredstatements="6" conditionals="0" coveredconditionals="0" methods="4" coveredmethods="4"/>
        <line num="1" count="21" type="stmt"/>
        <line num="17" count="2" type="stmt"/>
        <line num="18" count="2" type="stmt"/>
        <line num="25" count="3" type="stmt"/>
        <line num="32" count="1" type="stmt"/>
        <line num="35" count="1" type="stmt"/>
      </file>
      <file name="MapHolder.vue" path="/Users/nissandigital/Documents/Nuxt/mappointer/components/Map/MapHolder.vue">
        <metrics statements="28" coveredstatements="6" conditionals="2" coveredconditionals="0" methods="9" coveredmethods="4"/>
        <line num="1" count="15" type="stmt"/>
        <line num="8" count="2" type="stmt"/>
        <line num="17" count="2" type="stmt"/>
        <line num="21" count="0" type="cond" truecount="0" falsecount="2"/>
        <line num="26" count="2" type="stmt"/>
        <line num="28" count="2" type="stmt"/>
        <line num="30" count="2" type="stmt"/>
        <line num="42" count="0" type="stmt"/>
        <line num="53" count="0" type="stmt"/>
        <line num="64" count="0" type="stmt"/>
        <line num="74" count="0" type="stmt"/>
        <line num="76" count="0" type="stmt"/>
        <line num="80" count="0" type="stmt"/>
        <line num="94" count="0" type="stmt"/>
        <line num="98" count="0" type="stmt"/>
        <line num="114" count="0" type="stmt"/>
        <line num="118" count="0" type="stmt"/>
        <line num="135" count="0" type="stmt"/>
        <line num="136" count="0" type="stmt"/>
        <line num="139" count="0" type="stmt"/>
        <line num="140" count="0" type="stmt"/>
        <line num="141" count="0" type="stmt"/>
        <line num="143" count="0" type="stmt"/>
        <line num="144" count="0" type="stmt"/>
        <line num="145" count="0" type="stmt"/>
        <line num="147" count="0" type="stmt"/>
        <line num="150" count="0" type="stmt"/>
        <line num="151" count="0" type="stmt"/>
      </file>
    </package>
    <package name="pages">
      <metrics statements="3" coveredstatements="3" conditionals="0" coveredconditionals="0" methods="1" coveredmethods="1"/>
      <file name="index.vue" path="/Users/nissandigital/Documents/Nuxt/mappointer/pages/index.vue">
        <metrics statements="3" coveredstatements="3" conditionals="0" coveredconditionals="0" methods="1" coveredmethods="1"/>
        <line num="1" count="6" type="stmt"/>
        <line num="9" count="1" type="stmt"/>
        <line num="10" count="1" type="stmt"/>
      </file>
    </package>
  </project>
</coverage>
