TN:
SF:/Users/nissandigital/Documents/Nuxt/mappointer/components/Header.vue
FN:1,(anonymous_0)
FNF:1
FNH:1
FNDA:2,(anonymous_0)
DA:1,12
LF:1
LH:1
BRF:0
BRH:0
end_of_record
TN:
SF:/Users/nissandigital/Documents/Nuxt/mappointer/components/Map/CoordinateSelector.vue
FN:50,(anonymous_0)
FN:58,(anonymous_1)
FN:64,(anonymous_2)
FN:109,(anonymous_3)
FN:1,(anonymous_4)
FNF:5
FNH:5
FNDA:9,(anonymous_0)
FNDA:1,(anonymous_1)
FNDA:4,(anonymous_2)
FNDA:1,(anonymous_3)
FNDA:11,(anonymous_4)
DA:1,42
DA:51,9
DA:59,1
DA:65,4
DA:68,4
DA:71,4
DA:74,4
DA:77,4
DA:83,3
DA:84,1
DA:85,1
DA:86,1
DA:87,2
DA:97,1
DA:99,1
DA:103,1
DA:106,1
DA:110,1
DA:111,1
LF:19
LH:19
BRDA:65,0,0,4
BRDA:65,0,1,0
BRDA:68,1,0,3
BRDA:68,1,1,1
BRDA:71,2,0,4
BRDA:71,2,1,0
BRDA:74,3,0,4
BRDA:74,3,1,0
BRDA:77,4,0,3
BRDA:77,4,1,1
BRDA:77,5,0,4
BRDA:77,5,1,4
BRDA:77,5,2,3
BRDA:77,5,3,3
BRDA:83,6,0,1
BRDA:83,6,1,2
BRDA:83,7,0,3
BRDA:83,7,1,1
BRDA:87,8,0,1
BRDA:87,8,1,1
BRDA:87,9,0,2
BRDA:87,9,1,1
BRDA:87,9,2,1
BRDA:87,9,3,1
BRDA:87,9,4,1
BRDA:87,9,5,1
BRDA:87,9,6,1
BRDA:87,9,7,1
BRDA:111,10,0,0
BRDA:111,10,1,1
BRDA:111,11,0,1
BRDA:111,11,1,1
BRDA:111,11,2,0
BRDA:111,11,3,0
BRDA:111,11,4,1
BRDA:111,11,5,1
BRDA:111,11,6,1
BRF:37
BRH:31
end_of_record
TN:
SF:/Users/nissandigital/Documents/Nuxt/mappointer/components/Map/Layout.vue
FN:24,(anonymous_1)
FN:31,(anonymous_2)
FN:34,(anonymous_3)
FN:1,(anonymous_4)
FNF:4
FNH:4
FNDA:3,(anonymous_1)
FNDA:1,(anonymous_2)
FNDA:1,(anonymous_3)
FNDA:5,(anonymous_4)
DA:1,21
DA:17,2
DA:18,2
DA:25,3
DA:32,1
DA:35,1
LF:6
LH:6
BRF:0
BRH:0
end_of_record
TN:
SF:/Users/nissandigital/Documents/Nuxt/mappointer/components/Map/MapHolder.vue
FN:7,(anonymous_0)
FN:16,(anonymous_1)
FN:20,(anonymous_2)
FN:25,(anonymous_3)
FN:41,(anonymous_4)
FN:73,(anonymous_5)
FN:138,(anonymous_6)
FN:149,(anonymous_7)
FN:1,(anonymous_8)
FNF:9
FNH:4
FNDA:2,(anonymous_0)
FNDA:2,(anonymous_1)
FNDA:0,(anonymous_2)
FNDA:2,(anonymous_3)
FNDA:0,(anonymous_4)
FNDA:0,(anonymous_5)
FNDA:0,(anonymous_6)
FNDA:0,(anonymous_7)
FNDA:2,(anonymous_8)
DA:1,15
DA:8,2
DA:17,2
DA:21,0
DA:26,2
DA:28,2
DA:30,2
DA:42,0
DA:53,0
DA:64,0
DA:74,0
DA:76,0
DA:80,0
DA:94,0
DA:98,0
DA:114,0
DA:118,0
DA:135,0
DA:136,0
DA:139,0
DA:140,0
DA:141,0
DA:143,0
DA:144,0
DA:145,0
DA:147,0
DA:150,0
DA:151,0
LF:28
LH:6
BRDA:21,0,0,0
BRDA:21,0,1,0
BRF:2
BRH:0
end_of_record
TN:
SF:/Users/nissandigital/Documents/Nuxt/mappointer/pages/index.vue
FN:1,(anonymous_1)
FNF:1
FNH:1
FNDA:1,(anonymous_1)
DA:1,6
DA:9,1
DA:10,1
LF:3
LH:3
BRF:0
BRH:0
end_of_record
