TN:
SF:/Users/nissandigital/Documents/Nuxt/mappointer/components/Header.vue
FN:1,(anonymous_0)
FNF:1
FNH:0
FNDA:0,(anonymous_0)
DA:1,0
LF:1
LH:0
BRF:0
BRH:0
end_of_record
TN:
SF:/Users/nissandigital/Documents/Nuxt/mappointer/components/Map/CoordinateSelector.vue
FN:50,(anonymous_0)
FN:57,(anonymous_1)
FN:63,(anonymous_2)
FN:108,(anonymous_3)
FN:1,(anonymous_4)
FNF:5
FNH:3
FNDA:6,(anonymous_0)
FNDA:0,(anonymous_1)
FNDA:4,(anonymous_2)
FNDA:0,(anonymous_3)
FNDA:7,(anonymous_4)
DA:1,27
DA:51,6
DA:58,0
DA:64,4
DA:67,4
DA:70,4
DA:73,4
DA:76,4
DA:82,3
DA:83,1
DA:84,1
DA:85,1
DA:86,2
DA:96,1
DA:98,1
DA:102,1
DA:105,1
DA:109,0
DA:110,0
LF:19
LH:16
BRDA:64,0,0,4
BRDA:64,0,1,0
BRDA:67,1,0,3
BRDA:67,1,1,1
BRDA:70,2,0,4
BRDA:70,2,1,0
BRDA:73,3,0,4
BRDA:73,3,1,0
BRDA:76,4,0,3
BRDA:76,4,1,1
BRDA:76,5,0,4
BRDA:76,5,1,4
BRDA:76,5,2,3
BRDA:76,5,3,3
BRDA:82,6,0,1
BRDA:82,6,1,2
BRDA:82,7,0,3
BRDA:82,7,1,1
BRDA:86,8,0,1
BRDA:86,8,1,1
BRDA:86,9,0,2
BRDA:86,9,1,1
BRDA:86,9,2,1
BRDA:86,9,3,1
BRDA:86,9,4,1
BRDA:86,9,5,1
BRDA:86,9,6,1
BRDA:86,9,7,1
BRDA:110,10,0,0
BRDA:110,10,1,0
BRDA:110,11,0,0
BRDA:110,11,1,0
BRDA:110,11,2,0
BRDA:110,11,3,0
BRDA:110,11,4,0
BRDA:110,11,5,0
BRDA:110,11,6,0
BRF:37
BRH:25
end_of_record
TN:
SF:/Users/nissandigital/Documents/Nuxt/mappointer/components/Map/Layout.vue
FN:24,(anonymous_1)
FN:31,(anonymous_2)
FN:34,(anonymous_3)
FN:1,(anonymous_4)
FNF:4
FNH:0
FNDA:0,(anonymous_1)
FNDA:0,(anonymous_2)
FNDA:0,(anonymous_3)
FNDA:0,(anonymous_4)
DA:1,3
DA:17,1
DA:18,1
DA:25,0
DA:32,0
DA:35,0
LF:6
LH:3
BRF:0
BRH:0
end_of_record
TN:
SF:/Users/nissandigital/Documents/Nuxt/mappointer/components/Map/MapHolder.vue
FN:8,(anonymous_0)
FN:17,(anonymous_1)
FN:21,(anonymous_2)
FN:26,(anonymous_3)
FN:42,(anonymous_4)
FN:74,(anonymous_5)
FN:139,(anonymous_6)
FN:150,(anonymous_7)
FN:1,(anonymous_8)
FNF:9
FNH:0
FNDA:0,(anonymous_0)
FNDA:0,(anonymous_1)
FNDA:0,(anonymous_2)
FNDA:0,(anonymous_3)
FNDA:0,(anonymous_4)
FNDA:0,(anonymous_5)
FNDA:0,(anonymous_6)
FNDA:0,(anonymous_7)
FNDA:0,(anonymous_8)
DA:1,6
DA:9,0
DA:18,0
DA:22,0
DA:27,0
DA:29,0
DA:31,0
DA:43,0
DA:54,0
DA:65,0
DA:75,0
DA:77,0
DA:81,0
DA:95,0
DA:99,0
DA:115,0
DA:119,0
DA:136,0
DA:137,0
DA:140,0
DA:141,0
DA:142,0
DA:144,0
DA:145,0
DA:146,0
DA:148,0
DA:151,0
DA:152,0
LF:28
LH:1
BRDA:22,0,0,0
BRDA:22,0,1,0
BRF:2
BRH:0
end_of_record
TN:
SF:/Users/nissandigital/Documents/Nuxt/mappointer/pages/index.vue
FN:1,(anonymous_1)
FNF:1
FNH:0
FNDA:0,(anonymous_1)
DA:1,0
DA:9,0
DA:10,0
LF:3
LH:0
BRF:0
BRH:0
end_of_record
